<?xml version="1.0" encoding="UTF-8" ?>
<testsuite errors="1" failures="1" hostname="Bormann" name="As an user," tests="2" time="51.229" timestamp="2016-05-12T21:23:05">
  <properties />
  <testcase classname="grails.plugin.cucumber.CucumberTest" name="Update Field List as soon as I create a new Field" time="50.415">
    <failure message="title ==~ /Society Detail/&#xa;|     |&#xa;&quot;&quot;    false" type="grails.plugin.cucumber.FakeAssertionFailedError">Assertion failed: 

title ==~ /Society Detail/
|     |
&quot;&quot;    false

	at pages.Society.SocietyDetailPage$__clinit__closure1.doCall(SocietyDetail.groovy:12)
	at geb.Page.verifyThisPageAtOnly(Page.groovy:165)
	at geb.Page.verifyAt(Page.groovy:133)
	at geb.Browser.doAt(Browser.groovy:358)
	at geb.Browser.at(Browser.groovy:289)
	at geb.Browser.to(Browser.groovy:436)
	at geb.Browser.to(Browser.groovy:412)
	at geb.binding.BindingUpdater$InvocationForwarding.doCall(BindingUpdater.groovy:72)
	at RegistrarCampo_steps$_run_closure2.doCall(RegistrarCampo_steps.groovy:23)
	at ✽.When I go to Society List Page(RegistrarCampo.feature:8)
</failure>
  </testcase>
  <testcase classname="grails.plugin.cucumber.CucumberTest" name="Register the same field twice" time="0.059">
    <error message="No thread-bound request found: Are you referring to request attributes outside of an actual web request, or processing a request outside of the originally receiving thread? If you are actually operating within a web request and still receive this message, your code is probably running outside of DispatcherServlet/DispatcherPortlet: In this case, use RequestContextListener or RequestContextFilter to expose the current request." type="java.lang.IllegalStateException">java.lang.IllegalStateException: No thread-bound request found: Are you referring to request attributes outside of an actual web request, or processing a request outside of the originally receiving thread? If you are actually operating within a web request and still receive this message, your code is probably running outside of DispatcherServlet/DispatcherPortlet: In this case, use RequestContextListener or RequestContextFilter to expose the current request.
	at org.grails.plugins.web.rest.api.ControllersRestApi.getRequest(ControllersRestApi.groovy:53)
	at steps.TestAndDataOperations.qualquerMetodo(TestAndDataOperations.groovy:15)
	at RegistrarCampo_steps$_run_closure4.doCall(RegistrarCampo_steps.groovy:42)
	at ✽.Given There is a Field named &quot;A&quot;(RegistrarCampo.feature:18)
</error>
  </testcase>
  <system-out><![CDATA[Feature: As an user,
  I can create, modify and remove a Field on Society
  so that I am able to Manage my Society correctly

--Output from Update Field List as soon as I create a new Field--
--Output from Register the same field twice--
  Scenario: Update Field List as soon as I create a new Field                              # RegistrarCampo.feature:6
    Given User register a new Field with name "A" at his Society                           # RegistrarCampo_steps.groovy:16
    When I go to Society List Page                                                         # RegistrarCampo_steps.groovy:22
      Assertion failed: 
      
      title ==~ /Society Detail/
      |     |
      ""    false
      
      	at pages.Society.SocietyDetailPage$__clinit__closure1.doCall(SocietyDetail.groovy:12)
      	at pages.Society.SocietyDetailPage$__clinit__closure1.doCall(SocietyDetail.groovy)
      	at geb.Page.verifyThisPageAtOnly(Page.groovy:165)
      	at geb.Page.verifyAt(Page.groovy:133)
      	at geb.Page$verifyAt$3.call(Unknown Source)
      	at geb.Browser.doAt(Browser.groovy:358)
      	at geb.Browser.this$2$doAt(Browser.groovy)
      	at geb.Browser$this$2$doAt$9.callCurrent(Unknown Source)
      	at geb.Browser.at(Browser.groovy:289)
      	at geb.Browser.to(Browser.groovy:436)
      	at geb.Browser$to$0.callCurrent(Unknown Source)
      	at geb.Browser.to(Browser.groovy:412)
      	at geb.binding.BindingUpdater$InvocationForwarding.doCall(BindingUpdater.groovy:72)
      	at RegistrarCampo_steps$_run_closure2.doCall(RegistrarCampo_steps.groovy:23)
      	at ✽.When I go to Society List Page(RegistrarCampo.feature:8)

    Then An updated list with all Field registered must be shown at Fields Page of Society # RegistrarCampo_steps.groovy:27

  Scenario: Register the same field twice       # RegistrarCampo.feature:17
    Given There is a Field named "A"            # RegistrarCampo_steps.groovy:35
      java.lang.IllegalStateException: No thread-bound request found: Are you referring to request attributes outside of an actual web request, or processing a request outside of the originally receiving thread? If you are actually operating within a web request and still receive this message, your code is probably running outside of DispatcherServlet/DispatcherPortlet: In this case, use RequestContextListener or RequestContextFilter to expose the current request.
      	at org.springframework.web.context.request.RequestContextHolder.currentRequestAttributes(RequestContextHolder.java:131)
      	at org.grails.plugins.web.rest.api.ControllersRestApi.getRequest(ControllersRestApi.groovy:53)
      	at societysystem.FieldController.getRequest(FieldController.groovy)
      	at societysystem.FieldController.save(FieldController.groovy)
      	at societysystem.FieldController$save.call(Unknown Source)
      	at steps.TestAndDataOperations.qualquerMetodo(TestAndDataOperations.groovy:15)
      	at steps.TestAndDataOperations$qualquerMetodo.call(Unknown Source)
      	at RegistrarCampo_steps$_run_closure4.doCall(RegistrarCampo_steps.groovy:42)
      	at ✽.Given There is a Field named "A"(RegistrarCampo.feature:18)

    When I try to register the field "A"        # RegistrarCampo_steps.groovy:46
    Then The system does not register Field "A" # RegistrarCampo_steps.groovy:57
]]></system-out>
  <system-err><![CDATA[
--Output from Update Field List as soon as I create a new Field--
--Output from Register the same field twice--]]></system-err>
</testsuite>
